<?xml version="1.0" encoding="UTF-8" ?>
<testsuite errors="2" failures="1" hostname="k423.bn.local" name="ru.mm2.operations.OperationsControllerSpec" tests="7" time="2.798" timestamp="2014-01-15T08:51:43">
  <properties />
  <testcase classname="ru.mm2.operations.OperationsControllerSpec" name="Test the index action returns the correct model" time="0.812" />
  <testcase classname="ru.mm2.operations.OperationsControllerSpec" name="Test the create action returns the correct model" time="0.106" />
  <testcase classname="ru.mm2.operations.OperationsControllerSpec" name="Test the save action correctly persists an instance" time="0.722">
    <error message="Cannot redirect for object [ru.mm2.operations.Operations : (unsaved)] it is not a domain or has no identifier. Use an explicit redirect instead " type="org.codehaus.groovy.grails.web.servlet.mvc.exceptions.CannotRedirectException">org.codehaus.groovy.grails.web.servlet.mvc.exceptions.CannotRedirectException: Cannot redirect for object [ru.mm2.operations.Operations : (unsaved)] it is not a domain or has no identifier. Use an explicit redirect instead 
	at ru.mm2.operations.OperationsController.tt__save_closure9_closure14(OperationsController.groovy:43)
	at ru.mm2.operations.OperationsController.$tt__save(OperationsController.groovy:40)
	at ru.mm2.operations.OperationsControllerSpec.Test the save action correctly persists an instance(OperationsControllerSpec.groovy:52)
</error>
  </testcase>
  <testcase classname="ru.mm2.operations.OperationsControllerSpec" name="Test that the show action returns the correct model" time="0.099" />
  <testcase classname="ru.mm2.operations.OperationsControllerSpec" name="Test that the edit action returns the correct model" time="0.307" />
  <testcase classname="ru.mm2.operations.OperationsControllerSpec" name="Test the update action performs an update on a valid domain instance" time="0.305">
    <error message="Cannot get property &apos;id&apos; on null object" type="java.lang.NullPointerException">java.lang.NullPointerException: Cannot get property &apos;id&apos; on null object
	at ru.mm2.operations.OperationsControllerSpec.Test the update action performs an update on a valid domain instance(OperationsControllerSpec.groovy:118)
</error>
  </testcase>
  <testcase classname="ru.mm2.operations.OperationsControllerSpec" name="Test that the delete action deletes an instance if it exists" time="0.14">
    <failure message="Condition not satisfied:&#xa;&#xa;Operations.count() == 1&#xa;           |       |&#xa;           0       false&#xa;" type="junit.framework.AssertionFailedError">junit.framework.AssertionFailedError: Condition not satisfied:

Operations.count() == 1
           |       |
           0       false

	at ru.mm2.operations.OperationsControllerSpec.Test that the delete action deletes an instance if it exists(OperationsControllerSpec.groovy:136)
</failure>
  </testcase>
  <system-out><![CDATA[--Output from Test the index action returns the correct model--
--Output from Test the create action returns the correct model--
--Output from Test the save action correctly persists an instance--
--Output from Test that the show action returns the correct model--
--Output from Test that the edit action returns the correct model--
--Output from Test the update action performs an update on a valid domain instance--
--Output from Test that the delete action deletes an instance if it exists--
]]></system-out>
  <system-err><![CDATA[--Output from Test the index action returns the correct model--
--Output from Test the create action returns the correct model--
--Output from Test the save action correctly persists an instance--
--Output from Test that the show action returns the correct model--
--Output from Test that the edit action returns the correct model--
--Output from Test the update action performs an update on a valid domain instance--
--Output from Test that the delete action deletes an instance if it exists--
]]></system-err>
</testsuite>
