<?xml version="1.0" encoding="UTF-8" ?>
<testsuite errors="3" failures="1" hostname="k423.bn.local" name="ru.mm2.operations.ComOperationRecordControllerSpec" tests="7" time="1.813" timestamp="2014-01-15T08:51:54">
  <properties />
  <testcase classname="ru.mm2.operations.ComOperationRecordControllerSpec" name="Test the index action returns the correct model" time="0.393" />
  <testcase classname="ru.mm2.operations.ComOperationRecordControllerSpec" name="Test the create action returns the correct model" time="0.072">
    <error type="java.lang.NullPointerException">java.lang.NullPointerException
	at java.text.SimpleDateFormat.parse(SimpleDateFormat.java:1380)
	at java.text.DateFormat.parse(DateFormat.java:355)
	at ru.mm2.operations.ComOperationRecordController.$tt__create(ComOperationRecordController.groovy:50)
	at ru.mm2.operations.ComOperationRecordControllerSpec.Test the create action returns the correct model(ComOperationRecordControllerSpec.groovy:30)
</error>
  </testcase>
  <testcase classname="ru.mm2.operations.ComOperationRecordControllerSpec" name="Test the save action correctly persists an instance" time="0.468">
    <error message="Cannot redirect for object [ru.mm2.operations.ComOperationRecord : (unsaved)] it is not a domain or has no identifier. Use an explicit redirect instead " type="org.codehaus.groovy.grails.web.servlet.mvc.exceptions.CannotRedirectException">org.codehaus.groovy.grails.web.servlet.mvc.exceptions.CannotRedirectException: Cannot redirect for object [ru.mm2.operations.ComOperationRecord : (unsaved)] it is not a domain or has no identifier. Use an explicit redirect instead 
	at ru.mm2.operations.ComOperationRecordController.tt__save_closure11_closure16(ComOperationRecordController.groovy:72)
	at ru.mm2.operations.ComOperationRecordController.$tt__save(ComOperationRecordController.groovy:69)
	at ru.mm2.operations.ComOperationRecordControllerSpec.Test the save action correctly persists an instance(ComOperationRecordControllerSpec.groovy:52)
</error>
  </testcase>
  <testcase classname="ru.mm2.operations.ComOperationRecordControllerSpec" name="Test that the show action returns the correct model" time="0.087" />
  <testcase classname="ru.mm2.operations.ComOperationRecordControllerSpec" name="Test that the edit action returns the correct model" time="0.182" />
  <testcase classname="ru.mm2.operations.ComOperationRecordControllerSpec" name="Test the update action performs an update on a valid domain instance" time="0.258">
    <error message="Cannot get property &apos;id&apos; on null object" type="java.lang.NullPointerException">java.lang.NullPointerException: Cannot get property &apos;id&apos; on null object
	at ru.mm2.operations.ComOperationRecordControllerSpec.Test the update action performs an update on a valid domain instance(ComOperationRecordControllerSpec.groovy:118)
</error>
  </testcase>
  <testcase classname="ru.mm2.operations.ComOperationRecordControllerSpec" name="Test that the delete action deletes an instance if it exists" time="0.149">
    <failure message="Condition not satisfied:&#xa;&#xa;ComOperationRecord.count() == 1&#xa;                   |       |&#xa;                   0       false&#xa;" type="junit.framework.AssertionFailedError">junit.framework.AssertionFailedError: Condition not satisfied:

ComOperationRecord.count() == 1
                   |       |
                   0       false

	at ru.mm2.operations.ComOperationRecordControllerSpec.Test that the delete action deletes an instance if it exists(ComOperationRecordControllerSpec.groovy:136)
</failure>
  </testcase>
  <system-out><![CDATA[--Output from Test the index action returns the correct model--
--Output from Test the create action returns the correct model--
--Output from Test the save action correctly persists an instance--
--Output from Test that the show action returns the correct model--
--Output from Test that the edit action returns the correct model--
--Output from Test the update action performs an update on a valid domain instance--
--Output from Test that the delete action deletes an instance if it exists--
]]></system-out>
  <system-err><![CDATA[--Output from Test the index action returns the correct model--
--Output from Test the create action returns the correct model--
--Output from Test the save action correctly persists an instance--
--Output from Test that the show action returns the correct model--
--Output from Test that the edit action returns the correct model--
--Output from Test the update action performs an update on a valid domain instance--
--Output from Test that the delete action deletes an instance if it exists--
]]></system-err>
</testsuite>
