<?xml version="1.0" encoding="UTF-8" ?>
<testsuite errors="3" failures="1" hostname="k423.bn.local" name="ru.mm2.operations.ConsultationRecordControllerSpec" tests="7" time="0.927" timestamp="2014-01-15T08:51:52">
  <properties />
  <testcase classname="ru.mm2.operations.ConsultationRecordControllerSpec" name="Test the index action returns the correct model" time="0.263" />
  <testcase classname="ru.mm2.operations.ConsultationRecordControllerSpec" name="Test the create action returns the correct model" time="0.061">
    <error type="java.lang.NullPointerException">java.lang.NullPointerException
	at java.text.SimpleDateFormat.parse(SimpleDateFormat.java:1380)
	at java.text.DateFormat.parse(DateFormat.java:355)
	at ru.mm2.operations.ConsultationRecordController.$tt__create(ConsultationRecordController.groovy:25)
	at ru.mm2.operations.ConsultationRecordControllerSpec.Test the create action returns the correct model(ConsultationRecordControllerSpec.groovy:30)
</error>
  </testcase>
  <testcase classname="ru.mm2.operations.ConsultationRecordControllerSpec" name="Test the save action correctly persists an instance" time="0.154">
    <error message="Cannot redirect for object [ru.mm2.operations.ConsultationRecord : (unsaved)] it is not a domain or has no identifier. Use an explicit redirect instead " type="org.codehaus.groovy.grails.web.servlet.mvc.exceptions.CannotRedirectException">org.codehaus.groovy.grails.web.servlet.mvc.exceptions.CannotRedirectException: Cannot redirect for object [ru.mm2.operations.ConsultationRecord : (unsaved)] it is not a domain or has no identifier. Use an explicit redirect instead 
	at ru.mm2.operations.ConsultationRecordController.tt__save_closure9_closure14(ConsultationRecordController.groovy:47)
	at ru.mm2.operations.ConsultationRecordController.$tt__save(ConsultationRecordController.groovy:44)
	at ru.mm2.operations.ConsultationRecordControllerSpec.Test the save action correctly persists an instance(ConsultationRecordControllerSpec.groovy:52)
</error>
  </testcase>
  <testcase classname="ru.mm2.operations.ConsultationRecordControllerSpec" name="Test that the show action returns the correct model" time="0.057" />
  <testcase classname="ru.mm2.operations.ConsultationRecordControllerSpec" name="Test that the edit action returns the correct model" time="0.054" />
  <testcase classname="ru.mm2.operations.ConsultationRecordControllerSpec" name="Test the update action performs an update on a valid domain instance" time="0.083">
    <error message="Cannot get property &apos;id&apos; on null object" type="java.lang.NullPointerException">java.lang.NullPointerException: Cannot get property &apos;id&apos; on null object
	at ru.mm2.operations.ConsultationRecordControllerSpec.Test the update action performs an update on a valid domain instance(ConsultationRecordControllerSpec.groovy:118)
</error>
  </testcase>
  <testcase classname="ru.mm2.operations.ConsultationRecordControllerSpec" name="Test that the delete action deletes an instance if it exists" time="0.063">
    <failure message="Condition not satisfied:&#xa;&#xa;ConsultationRecord.count() == 1&#xa;                   |       |&#xa;                   0       false&#xa;" type="junit.framework.AssertionFailedError">junit.framework.AssertionFailedError: Condition not satisfied:

ConsultationRecord.count() == 1
                   |       |
                   0       false

	at ru.mm2.operations.ConsultationRecordControllerSpec.Test that the delete action deletes an instance if it exists(ConsultationRecordControllerSpec.groovy:136)
</failure>
  </testcase>
  <system-out><![CDATA[--Output from Test the index action returns the correct model--
--Output from Test the create action returns the correct model--
--Output from Test the save action correctly persists an instance--
--Output from Test that the show action returns the correct model--
--Output from Test that the edit action returns the correct model--
--Output from Test the update action performs an update on a valid domain instance--
--Output from Test that the delete action deletes an instance if it exists--
]]></system-out>
  <system-err><![CDATA[--Output from Test the index action returns the correct model--
--Output from Test the create action returns the correct model--
--Output from Test the save action correctly persists an instance--
--Output from Test that the show action returns the correct model--
--Output from Test that the edit action returns the correct model--
--Output from Test the update action performs an update on a valid domain instance--
--Output from Test that the delete action deletes an instance if it exists--
]]></system-err>
</testsuite>
