<?xml version="1.0" encoding="UTF-8" ?>
<testsuite errors="2" failures="1" hostname="k423.bn.local" name="ru.mm2.operations.DoctorControllerSpec" tests="7" time="0.852" timestamp="2014-01-15T08:51:56">
  <properties />
  <testcase classname="ru.mm2.operations.DoctorControllerSpec" name="Test the index action returns the correct model" time="0.306" />
  <testcase classname="ru.mm2.operations.DoctorControllerSpec" name="Test the create action returns the correct model" time="0.073" />
  <testcase classname="ru.mm2.operations.DoctorControllerSpec" name="Test the save action correctly persists an instance" time="0.163">
    <error message="Cannot redirect for object [ru.mm2.operations.Doctor : (unsaved)] it is not a domain or has no identifier. Use an explicit redirect instead " type="org.codehaus.groovy.grails.web.servlet.mvc.exceptions.CannotRedirectException">org.codehaus.groovy.grails.web.servlet.mvc.exceptions.CannotRedirectException: Cannot redirect for object [ru.mm2.operations.Doctor : (unsaved)] it is not a domain or has no identifier. Use an explicit redirect instead 
	at ru.mm2.operations.DoctorController.tt__save_closure9_closure14(DoctorController.groovy:43)
	at ru.mm2.operations.DoctorController.$tt__save(DoctorController.groovy:40)
	at ru.mm2.operations.DoctorControllerSpec.Test the save action correctly persists an instance(DoctorControllerSpec.groovy:52)
</error>
  </testcase>
  <testcase classname="ru.mm2.operations.DoctorControllerSpec" name="Test that the show action returns the correct model" time="0.071" />
  <testcase classname="ru.mm2.operations.DoctorControllerSpec" name="Test that the edit action returns the correct model" time="0.058" />
  <testcase classname="ru.mm2.operations.DoctorControllerSpec" name="Test the update action performs an update on a valid domain instance" time="0.112">
    <error message="Cannot get property &apos;id&apos; on null object" type="java.lang.NullPointerException">java.lang.NullPointerException: Cannot get property &apos;id&apos; on null object
	at ru.mm2.operations.DoctorControllerSpec.Test the update action performs an update on a valid domain instance(DoctorControllerSpec.groovy:118)
</error>
  </testcase>
  <testcase classname="ru.mm2.operations.DoctorControllerSpec" name="Test that the delete action deletes an instance if it exists" time="0.065">
    <failure message="Condition not satisfied:&#xa;&#xa;Doctor.count() == 1&#xa;       |       |&#xa;       0       false&#xa;" type="junit.framework.AssertionFailedError">junit.framework.AssertionFailedError: Condition not satisfied:

Doctor.count() == 1
       |       |
       0       false

	at ru.mm2.operations.DoctorControllerSpec.Test that the delete action deletes an instance if it exists(DoctorControllerSpec.groovy:136)
</failure>
  </testcase>
  <system-out><![CDATA[--Output from Test the index action returns the correct model--
--Output from Test the create action returns the correct model--
--Output from Test the save action correctly persists an instance--
--Output from Test that the show action returns the correct model--
--Output from Test that the edit action returns the correct model--
--Output from Test the update action performs an update on a valid domain instance--
--Output from Test that the delete action deletes an instance if it exists--
]]></system-out>
  <system-err><![CDATA[--Output from Test the index action returns the correct model--
--Output from Test the create action returns the correct model--
--Output from Test the save action correctly persists an instance--
--Output from Test that the show action returns the correct model--
--Output from Test that the edit action returns the correct model--
--Output from Test the update action performs an update on a valid domain instance--
--Output from Test that the delete action deletes an instance if it exists--
]]></system-err>
</testsuite>
